<?xml version="1.0" encoding="UTF-8"?>
<testsuite xmlns:xsi="http://www.w3.org/2001/XMLSchema-instance" xsi:noNamespaceSchemaLocation="https://maven.apache.org/surefire/maven-surefire-plugin/xsd/surefire-test-report.xsd" version="3.0.2" name="com.fasttasker.discovery_server.DiscoveryServerApplicationTests" time="3.907" tests="1" errors="0" skipped="0" failures="0">
  <properties>
[...]
</properties>
  <testcase name="contextLoads" classname="com.fasttasker.discovery_server.DiscoveryServerApplicationTests" time="0.534">
    <system-out><![CDATA[03:05:13.967 [main] INFO org.springframework.test.context.support.AnnotationConfigContextLoaderUtils -- Could not detect default configuration classes for test class [com.fasttasker.discovery_server.DiscoveryServerApplicationTests]: DiscoveryServerApplicationTests does not declare any static, non-private, non-final, nested classes annotated with @Configuration.
03:05:14.070 [main] INFO org.springframework.boot.test.context.SpringBootTestContextBootstrapper -- Found @SpringBootConfiguration com.fasttasker.discovery_server.DiscoveryServerApplication for test class com.fasttasker.discovery_server.DiscoveryServerApplicationTests

  .   ____          _            __ _ _
 /\\ / ___'_ __ _ _(_)_ __  __ _ \ \ \ \
( ( )\___ | '_ | '_| | '_ \/ _` | \ \ \ \
 \\/  ___)| |_)| | | | | || (_| |  ) ) ) )
  '  |____| .__|_| |_|_| |_\__, | / / / /
 =========|_|==============|___/=/_/_/_/

 :: Spring Boot ::                (v4.0.1)

2025-12-27T03:05:14.586-05:00  INFO 9600 --- [discovery-server] [           main] c.f.d.DiscoveryServerApplicationTests    : Starting DiscoveryServerApplicationTests using Java 21.0.8 with PID 9600 (started by Rimsky in C:\Users\Rimsky\Documents\is\fast-tasker\fast-tasker-backend\discovery-server)
2025-12-27T03:05:14.588-05:00  INFO 9600 --- [discovery-server] [           main] c.f.d.DiscoveryServerApplicationTests    : No active profile set, falling back to 1 default profile: "default"
2025-12-27T03:05:15.430-05:00  INFO 9600 --- [discovery-server] [           main] o.s.cloud.context.scope.GenericScope     : BeanFactory id=831b8286-5529-3c98-8d43-be36915e833e
2025-12-27T03:05:15.756-05:00  INFO 9600 --- [discovery-server] [           main] o.s.v.b.OptionalValidatorFactoryBean     : Failed to set up a Bean Validation provider: jakarta.validation.NoProviderFoundException: Unable to create a Configuration, because no Jakarta Validation provider could be found. Add a provider like Hibernate Validator (RI) to your classpath.
2025-12-27T03:05:16.493-05:00  WARN 9600 --- [discovery-server] [           main] iguration$LoadBalancerCaffeineWarnLogger : Spring Cloud LoadBalancer is currently working with the default cache. While this cache implementation is useful for development and tests, it's recommended to use Caffeine cache in production.You can switch to using Caffeine cache, by adding it and org.springframework.cache.caffeine.CaffeineCacheManager to the classpath.
2025-12-27T03:05:16.689-05:00  INFO 9600 --- [discovery-server] [           main] o.s.c.n.eureka.InstanceInfoFactory       : Setting initial instance status as: STARTING
2025-12-27T03:05:16.708-05:00  INFO 9600 --- [discovery-server] [           main] com.netflix.discovery.DiscoveryClient    : Initializing Eureka in region us-east-1
2025-12-27T03:05:16.708-05:00  INFO 9600 --- [discovery-server] [           main] com.netflix.discovery.DiscoveryClient    : Client configured to neither register nor query for data.
2025-12-27T03:05:16.710-05:00  INFO 9600 --- [discovery-server] [           main] com.netflix.discovery.DiscoveryClient    : Discovery Client initialized at timestamp 1766822716709 with initial instances count: 0
2025-12-27T03:05:16.746-05:00  INFO 9600 --- [discovery-server] [           main] c.n.eureka.DefaultEurekaServerContext    : Initializing ...
2025-12-27T03:05:16.747-05:00  INFO 9600 --- [discovery-server] [           main] c.n.eureka.cluster.PeerEurekaNodes       : Adding new peer nodes [http://localhost:8761/eureka/]
2025-12-27T03:05:16.864-05:00  INFO 9600 --- [discovery-server] [           main] c.n.d.provider.DiscoveryJerseyProvider   : Using JSON encoding codec LegacyJacksonJson
2025-12-27T03:05:16.864-05:00  INFO 9600 --- [discovery-server] [           main] c.n.d.provider.DiscoveryJerseyProvider   : Using JSON decoding codec LegacyJacksonJson
2025-12-27T03:05:16.865-05:00  INFO 9600 --- [discovery-server] [           main] c.n.d.provider.DiscoveryJerseyProvider   : Using XML encoding codec XStreamXml
2025-12-27T03:05:16.865-05:00  INFO 9600 --- [discovery-server] [           main] c.n.d.provider.DiscoveryJerseyProvider   : Using XML decoding codec XStreamXml
2025-12-27T03:05:16.930-05:00  INFO 9600 --- [discovery-server] [           main] c.n.eureka.cluster.PeerEurekaNodes       : Replica node URL:  http://localhost:8761/eureka/
2025-12-27T03:05:16.939-05:00  INFO 9600 --- [discovery-server] [           main] c.n.e.registry.AbstractInstanceRegistry  : Finished initializing remote region registries. All known remote regions: []
2025-12-27T03:05:16.939-05:00  INFO 9600 --- [discovery-server] [           main] c.n.eureka.DefaultEurekaServerContext    : Initialized
2025-12-27T03:05:17.005-05:00  INFO 9600 --- [discovery-server] [           main] o.s.b.a.e.web.EndpointLinksResolver      : Exposing 1 endpoint beneath base path '/actuator'
2025-12-27T03:05:17.051-05:00  INFO 9600 --- [discovery-server] [           main] o.s.c.n.e.s.EurekaServiceRegistry        : Registering application DISCOVERY-SERVER with eureka with status UP
2025-12-27T03:05:17.061-05:00  INFO 9600 --- [discovery-server] [           main] c.f.d.DiscoveryServerApplicationTests    : Started DiscoveryServerApplicationTests in 2.737 seconds (process running for 3.885)
2025-12-27T03:05:17.064-05:00  INFO 9600 --- [discovery-server] [      Thread-10] o.s.c.n.e.server.EurekaServerBootstrap   : isAws returned false
2025-12-27T03:05:17.065-05:00  INFO 9600 --- [discovery-server] [      Thread-10] o.s.c.n.e.server.EurekaServerBootstrap   : Initialized server context
2025-12-27T03:05:17.065-05:00  INFO 9600 --- [discovery-server] [      Thread-10] c.n.e.r.PeerAwareInstanceRegistryImpl    : Got 1 instances from neighboring DS node
2025-12-27T03:05:17.065-05:00  INFO 9600 --- [discovery-server] [      Thread-10] c.n.e.r.PeerAwareInstanceRegistryImpl    : Renew threshold is: 1
2025-12-27T03:05:17.065-05:00  INFO 9600 --- [discovery-server] [      Thread-10] c.n.e.r.PeerAwareInstanceRegistryImpl    : Changing status to UP
2025-12-27T03:05:17.067-05:00  INFO 9600 --- [discovery-server] [      Thread-10] e.s.EurekaServerInitializerConfiguration : Started Eureka Server
]]></system-out>
    <system-err><![CDATA[Mockito is currently self-attaching to enable the inline-mock-maker. This will no longer work in future releases of the JDK. Please add Mockito as an agent to your build as described in Mockito's documentation: https://javadoc.io/doc/org.mockito/mockito-core/latest/org.mockito/org/mockito/Mockito.html#0.3
WARNING: A Java agent has been loaded dynamically (C:\Users\Rimsky\.m2\repository\net\bytebuddy\byte-buddy-agent\1.17.8\byte-buddy-agent-1.17.8.jar)
WARNING: If a serviceability tool is in use, please run with -XX:+EnableDynamicAgentLoading to hide this warning
WARNING: If a serviceability tool is not in use, please run with -Djdk.instrument.traceUsage for more information
WARNING: Dynamic loading of agents will be disallowed by default in a future release
]]></system-err>
  </testcase>
</testsuite>