<?xml version="1.0" encoding="UTF-8"?>
<testsuite xmlns:xsi="http://www.w3.org/2001/XMLSchema-instance" xsi:noNamespaceSchemaLocation="https://maven.apache.org/surefire/maven-surefire-plugin/xsd/surefire-test-report.xsd" version="3.0.2" name="com.fasttasker.api_gateway.ApiGatewayApplicationTests" time="2.608" tests="1" errors="0" skipped="0" failures="0">
  <properties>
[...]
</properties>
  <testcase name="contextLoads" classname="com.fasttasker.api_gateway.ApiGatewayApplicationTests" time="0.472">
    <system-out><![CDATA[17:54:06.052 [main] INFO org.springframework.test.context.support.AnnotationConfigContextLoaderUtils -- Could not detect default configuration classes for test class [com.fasttasker.api_gateway.ApiGatewayApplicationTests]: ApiGatewayApplicationTests does not declare any static, non-private, non-final, nested classes annotated with @Configuration.
17:54:06.136 [main] INFO org.springframework.boot.test.context.SpringBootTestContextBootstrapper -- Found @SpringBootConfiguration com.fasttasker.api_gateway.ApiGatewayApplication for test class com.fasttasker.api_gateway.ApiGatewayApplicationTests

  .   ____          _            __ _ _
 /\\ / ___'_ __ _ _(_)_ __  __ _ \ \ \ \
( ( )\___ | '_ | '_| | '_ \/ _` | \ \ \ \
 \\/  ___)| |_)| | | | | || (_| |  ) ) ) )
  '  |____| .__|_| |_|_| |_\__, | / / / /
 =========|_|==============|___/=/_/_/_/

 :: Spring Boot ::                (v3.5.9)

2026-01-04T17:54:06.625-05:00  INFO 11892 --- [api-gateway] [           main] c.f.a.ApiGatewayApplicationTests         : Starting ApiGatewayApplicationTests using Java 21.0.8 with PID 11892 (started by Rimsky in C:\Users\Rimsky\Documents\is\fast-tasker\fast-tasker-backend\api-gateway)
2026-01-04T17:54:06.626-05:00  INFO 11892 --- [api-gateway] [           main] c.f.a.ApiGatewayApplicationTests         : No active profile set, falling back to 1 default profile: "default"
2026-01-04T17:54:07.275-05:00  INFO 11892 --- [api-gateway] [           main] o.s.cloud.context.scope.GenericScope     : BeanFactory id=ff63cbcc-0df1-38f6-8f84-57418efc4007
2026-01-04T17:54:07.875-05:00  INFO 11892 --- [api-gateway] [           main] o.s.c.g.r.RouteDefinitionRouteLocator    : Loaded RoutePredicateFactory [After]
2026-01-04T17:54:07.875-05:00  INFO 11892 --- [api-gateway] [           main] o.s.c.g.r.RouteDefinitionRouteLocator    : Loaded RoutePredicateFactory [Before]
2026-01-04T17:54:07.875-05:00  INFO 11892 --- [api-gateway] [           main] o.s.c.g.r.RouteDefinitionRouteLocator    : Loaded RoutePredicateFactory [Between]
2026-01-04T17:54:07.875-05:00  INFO 11892 --- [api-gateway] [           main] o.s.c.g.r.RouteDefinitionRouteLocator    : Loaded RoutePredicateFactory [Cookie]
2026-01-04T17:54:07.875-05:00  INFO 11892 --- [api-gateway] [           main] o.s.c.g.r.RouteDefinitionRouteLocator    : Loaded RoutePredicateFactory [Header]
2026-01-04T17:54:07.875-05:00  INFO 11892 --- [api-gateway] [           main] o.s.c.g.r.RouteDefinitionRouteLocator    : Loaded RoutePredicateFactory [Host]
2026-01-04T17:54:07.875-05:00  INFO 11892 --- [api-gateway] [           main] o.s.c.g.r.RouteDefinitionRouteLocator    : Loaded RoutePredicateFactory [Method]
2026-01-04T17:54:07.875-05:00  INFO 11892 --- [api-gateway] [           main] o.s.c.g.r.RouteDefinitionRouteLocator    : Loaded RoutePredicateFactory [Path]
2026-01-04T17:54:07.875-05:00  INFO 11892 --- [api-gateway] [           main] o.s.c.g.r.RouteDefinitionRouteLocator    : Loaded RoutePredicateFactory [Query]
2026-01-04T17:54:07.875-05:00  INFO 11892 --- [api-gateway] [           main] o.s.c.g.r.RouteDefinitionRouteLocator    : Loaded RoutePredicateFactory [ReadBody]
2026-01-04T17:54:07.875-05:00  INFO 11892 --- [api-gateway] [           main] o.s.c.g.r.RouteDefinitionRouteLocator    : Loaded RoutePredicateFactory [RemoteAddr]
2026-01-04T17:54:07.876-05:00  INFO 11892 --- [api-gateway] [           main] o.s.c.g.r.RouteDefinitionRouteLocator    : Loaded RoutePredicateFactory [XForwardedRemoteAddr]
2026-01-04T17:54:07.876-05:00  INFO 11892 --- [api-gateway] [           main] o.s.c.g.r.RouteDefinitionRouteLocator    : Loaded RoutePredicateFactory [Weight]
2026-01-04T17:54:07.876-05:00  INFO 11892 --- [api-gateway] [           main] o.s.c.g.r.RouteDefinitionRouteLocator    : Loaded RoutePredicateFactory [CloudFoundryRouteService]
2026-01-04T17:54:08.066-05:00  INFO 11892 --- [api-gateway] [           main] c.f.a.ApiGatewayApplicationTests         : Started ApiGatewayApplicationTests in 1.689 seconds (process running for 2.555)
]]></system-out>
    <system-err><![CDATA[Mockito is currently self-attaching to enable the inline-mock-maker. This will no longer work in future releases of the JDK. Please add Mockito as an agent to your build as described in Mockito's documentation: https://javadoc.io/doc/org.mockito/mockito-core/latest/org.mockito/org/mockito/Mockito.html#0.3
WARNING: A Java agent has been loaded dynamically (C:\Users\Rimsky\.m2\repository\net\bytebuddy\byte-buddy-agent\1.17.8\byte-buddy-agent-1.17.8.jar)
WARNING: If a serviceability tool is in use, please run with -XX:+EnableDynamicAgentLoading to hide this warning
WARNING: If a serviceability tool is not in use, please run with -Djdk.instrument.traceUsage for more information
WARNING: Dynamic loading of agents will be disallowed by default in a future release
]]></system-err>
  </testcase>
</testsuite>